19:01:51  INFO      =======================================================
19:01:51  INFO      RAG Ingestion  |  режим: RESET
19:01:51  INFO      docs_dir : /app/docs
19:01:51  INFO      model    : BAAI/bge-m3
19:01:51  INFO      qdrant   : http://localhost:6333  /  collection: company_docs
19:01:51  INFO      =======================================================
19:01:51  INFO      Загружаю эмбеддинг-модель BAAI/bge-m3 ...
19:04:25  INFO      Модель загружена
19:05:56  INFO      =======================================================
19:05:56  INFO      RAG Ingestion  |  режим: APPEND
19:05:56  INFO      docs_dir : /app/docs
19:05:56  INFO      model    : BAAI/bge-m3
19:05:56  INFO      qdrant   : http://localhost:6333  /  collection: company_docs
19:05:56  INFO      =======================================================
19:05:56  INFO      Загружаю эмбеддинг-модель BAAI/bge-m3 ...
19:06:00  INFO      Модель загружена
19:09:33  INFO      =======================================================
19:09:33  INFO      RAG Ingestion  |  режим: APPEND
19:09:33  INFO      docs_dir : /app/docs
19:09:33  INFO      model    : BAAI/bge-m3
19:09:33  INFO      qdrant   : http://qdrant:6333  /  collection: company_docs
19:09:33  INFO      =======================================================
19:09:33  INFO      Загружаю эмбеддинг-модель BAAI/bge-m3 ...
19:12:08  INFO      Модель загружена
19:12:09  INFO      Создаю коллекцию 'company_docs' (dim=1024) ...
19:12:09  INFO      Найдено файлов: 1 в /app/docs
19:12:09  INFO      [  1/1] PARSE   document.pdf  (3947.7 KB)
19:12:09  WARNING     Страницы без текстового слоя (скан?): 1, 2, 3
19:12:09  INFO        OCR [1/3]  document.pdf  стр. 1 ...
19:12:11  INFO      Загружаю PaddleOCR (lang=ru) ...
19:16:18  INFO        OCR [1/3]  OK (paddleocr) — 53 символов
19:16:18  INFO        OCR [2/3]  document.pdf  стр. 2 ...
19:16:18  INFO        OCR [2/3]  OK (paddleocr) — 27 символов
19:16:18  INFO        OCR [3/3]  document.pdf  стр. 3 ...
19:16:18  INFO        OCR [3/3]  OK (paddleocr) — 96 символов
19:16:18  INFO      [  1/1] OK      document.pdf — 353,208 символов, 304 страниц approx, 249.48s
19:16:18  INFO      Парсинг завершён: ✓ 1 загружено, ✗ 0 ошибок, ○ 0 уже в реестре
19:16:18  INFO      Сплиттер: 971 чанков из 1 документов
19:16:18  INFO      Загружаю 971 чанков в Qdrant батчами по 100 ...
19:17:48  INFO        Загружено 100/971 чанков  (1.1 ч/с, ETA ~781s)
19:18:42  INFO        Загружено 200/971 чанков  (1.4 ч/с, ETA ~554s)
19:19:35  INFO        Загружено 300/971 чанков  (1.5 ч/с, ETA ~440s)
19:20:37  INFO        Загружено 400/971 чанков  (1.5 ч/с, ETA ~369s)
19:21:39  INFO        Загружено 500/971 чанков  (1.6 ч/с, ETA ~302s)
19:22:40  INFO        Загружено 600/971 чанков  (1.6 ч/с, ETA ~236s)
19:23:31  INFO        Загружено 700/971 чанков  (1.6 ч/с, ETA ~168s)
19:24:30  INFO        Загружено 800/971 чанков  (1.6 ч/с, ETA ~105s)
19:25:22  INFO        Загружено 900/971 чанков  (1.7 ч/с, ETA ~43s)
19:26:04  INFO        Загружено 971/971 чанков  (1.7 ч/с, ETA ~0s)
19:26:04  INFO      Загрузка в Qdrant завершена за 585.9s
19:26:04  INFO      =======================================================
19:26:04  INFO      ✓ ГОТОВО  |  971 чанков  |  991.2s всего
19:26:04  INFO      Реестр: 1 файлов в /code/project/app/ingestion_registry.json
19:26:04  INFO      =======================================================
